[debug] [2022-01-23T15:55:53.929Z] ----------------------------------------------------------------------
[debug] [2022-01-23T15:55:53.931Z] Command:       C:\Users\KUNGA TASHI\.nvm\versions\node\v16.13.0\bin\node.exe C:\Users\KUNGA TASHI\.nvm\versions\node\v16.13.0\bin\node_modules\firebase-tools\lib\bin\firebase.js init
[debug] [2022-01-23T15:55:53.931Z] CLI Version:   10.1.2
[debug] [2022-01-23T15:55:53.931Z] Platform:      win32
[debug] [2022-01-23T15:55:53.931Z] Node Version:  v16.13.0
[debug] [2022-01-23T15:55:53.933Z] Time:          Sun Jan 23 2022 21:25:53 GMT+0530 (India Standard Time)
[debug] [2022-01-23T15:55:53.933Z] ----------------------------------------------------------------------
[debug] 
[debug] [2022-01-23T15:55:53.964Z] > command requires scopes: ["email","openid","https://www.googleapis.com/auth/cloudplatformprojects.readonly","https://www.googleapis.com/auth/firebase","https://www.googleapis.com/auth/cloud-platform"]
[debug] [2022-01-23T15:55:53.965Z] > authorizing via signed-in user (kuntashtashi11@gmail.com)
[info] 
     ######## #### ########  ######## ########     ###     ######  ########
     ##        ##  ##     ## ##       ##     ##  ##   ##  ##       ##
     ######    ##  ########  ######   ########  #########  ######  ######
     ##        ##  ##    ##  ##       ##     ## ##     ##       ## ##
     ##       #### ##     ## ######## ########  ##     ##  ######  ########

You're about to initialize a Firebase project in this directory:

  C:\Users\KUNGA TASHI\Desktop\ResoluteAI\Task1\project

[info] 
=== Project Setup
[info] 
[info] First, let's associate this project directory with a Firebase project.
[info] You can create multiple project aliases by running firebase use --add, 
[info] but for now we'll just set up a default project.
[info] 
[debug] [2022-01-23T15:56:49.707Z] >>> [apiv2][query] GET https://firebase.googleapis.com/v1beta1/projects pageSize=100
[debug] [2022-01-23T15:56:50.761Z] <<< [apiv2][status] GET https://firebase.googleapis.com/v1beta1/projects 200
[debug] [2022-01-23T15:56:50.761Z] <<< [apiv2][body] GET https://firebase.googleapis.com/v1beta1/projects [omitted]
[info] i  Using project resoluteai-task-1 (RESOLUTEAI-TASK-1) 
[info] 
=== Hosting Setup
[info] 
[info] Your public directory is the folder (relative to your project directory) that
[info] will contain Hosting assets to be uploaded with firebase deploy. If you
[info] have a build process for your assets, use your build's output directory.
[info] 
[debug] [2022-01-23T15:58:30.004Z] >>> [apiv2][query] GET https://www.gstatic.com/firebasejs/releases.json [none]
[debug] [2022-01-23T15:58:30.741Z] <<< [apiv2][status] GET https://www.gstatic.com/firebasejs/releases.json 200
[debug] [2022-01-23T15:58:30.741Z] <<< [apiv2][body] GET https://www.gstatic.com/firebasejs/releases.json {"current":{"version":"9.6.4","browserURL":"https://www.gstatic.com/firebasejs/9.6.4/firebase.js","packageURL":"https://www.gstatic.com/firebasejs/9.6.4/firebase.tgz"},"live":{"version":"9.6","browserURL":"https://www.gstatic.com/firebasejs/live/9.6/firebase.js","packageURL":"https://www.gstatic.com/firebasejs/live/9.6/firebase.tgz"},"components":{"analytics":"https://www.gstatic.com/firebasejs/9.6.4/firebase-analytics.js","app":"https://www.gstatic.com/firebasejs/9.6.4/firebase-app.js","app-check":"https://www.gstatic.com/firebasejs/9.6.4/firebase-app-check.js","auth":"https://www.gstatic.com/firebasejs/9.6.4/firebase-auth.js","auth/cordova":"https://www.gstatic.com/firebasejs/9.6.4/firebase-auth/cordova.js","auth/react-native":"https://www.gstatic.com/firebasejs/9.6.4/firebase-auth/react-native.js","functions":"https://www.gstatic.com/firebasejs/9.6.4/firebase-functions.js","firestore":"https://www.gstatic.com/firebasejs/9.6.4/firebase-firestore.js","firestore/lite":"https://www.gstatic.com/firebasejs/9.6.4/firebase-firestore/lite.js","storage":"https://www.gstatic.com/firebasejs/9.6.4/firebase-storage.js","performance":"https://www.gstatic.com/firebasejs/9.6.4/firebase-performance.js","remote-config":"https://www.gstatic.com/firebasejs/9.6.4/firebase-remote-config.js","messaging":"https://www.gstatic.com/firebasejs/9.6.4/firebase-messaging.js","messaging/sw":"https://www.gstatic.com/firebasejs/9.6.4/firebase-messaging/sw.js","database":"https://www.gstatic.com/firebasejs/9.6.4/firebase-database.js","firestore.memory":"https://www.gstatic.com/firebasejs/9.6.4/firebase-firestore.memory.js"}}
[info] +  Wrote build/index.html 
[info] 
[info] i  Detected a .git folder at C:\Users\KUNGA TASHI\Desktop\ResoluteAI\Task1\project 
[info] i  Authorizing with GitHub to upload your service account to a GitHub repository's secrets store. 
[info] 
[info] Visit this URL on this device to log in:
[info] https://github.com/login/oauth/authorize?client_id=89cf50f02ac6aaed3484&state=325515289&redirect_uri=http%3A%2F%2Flocalhost%3A9005&scope=read%3Auser%20repo%20public_repo
[info] 
[info] Waiting for authentication...
[debug] [2022-01-23T15:59:02.637Z] >>> HTTP REQUEST POST https://github.com/login/oauth/access_token  
 {"client_id":"89cf50f02ac6aaed3484","client_secret":"3330d14abc895d9a74d5f17cd7a00711fa2c5bf0","code":"3fe0bbf2785093f75910","redirect_uri":"http://localhost:9005","state":"325515289"}
[debug] [2022-01-23T15:59:03.710Z] <<< HTTP RESPONSE 200 {"server":"GitHub.com","date":"Sun, 23 Jan 2022 15:59:04 GMT","content-type":"application/json; charset=utf-8","transfer-encoding":"chunked","vary":"X-PJAX, X-PJAX-Container, Accept-Encoding, Accept, X-Requested-With","permissions-policy":"interest-cohort=()","etag":"W/\"20a43ca0f1f42120aacaeaef0af21df3\"","cache-control":"max-age=0, private, must-revalidate","strict-transport-security":"max-age=31536000; includeSubdomains; preload","x-frame-options":"deny","x-content-type-options":"nosniff","x-xss-protection":"0","referrer-policy":"origin-when-cross-origin, strict-origin-when-cross-origin","expect-ct":"max-age=2592000, report-uri=\"https://api.github.com/_private/browser/errors\"","content-security-policy":"default-src 'none'; base-uri 'self'; block-all-mixed-content; child-src github.com/assets-cdn/worker/ gist.github.com/assets-cdn/worker/; connect-src 'self' uploads.github.com objects-origin.githubusercontent.com www.githubstatus.com collector.githubapp.com api.github.com github-cloud.s3.amazonaws.com github-production-repository-file-5c1aeb.s3.amazonaws.com github-production-upload-manifest-file-7fdce7.s3.amazonaws.com github-production-user-asset-6210df.s3.amazonaws.com cdn.optimizely.com logx.optimizely.com/v1/events translator.github.com wss://alive.github.com; font-src github.githubassets.com; form-action 'self' github.com gist.github.com objects-origin.githubusercontent.com; frame-ancestors 'none'; frame-src render.githubusercontent.com viewscreen.githubusercontent.com notebooks.githubusercontent.com; img-src 'self' data: github.githubassets.com identicons.github.com collector.githubapp.com github-cloud.s3.amazonaws.com secured-user-images.githubusercontent.com/ *.githubusercontent.com; manifest-src 'self'; media-src github.com user-images.githubusercontent.com/; script-src github.githubassets.com; style-src 'unsafe-inline' github.githubassets.com; worker-src github.com/assets-cdn/worker/ gist.github.com/assets-cdn/worker/","x-github-request-id":"CD4F:6F0A:7006B2:8428F9:61ED7B47"}
[debug] [2022-01-23T15:59:03.726Z] >>> [apiv2][query] GET https://api.github.com/user [none]
[debug] [2022-01-23T15:59:04.341Z] <<< [apiv2][status] GET https://api.github.com/user 200
[debug] [2022-01-23T15:59:04.341Z] <<< [apiv2][body] GET https://api.github.com/user {"login":"Kuntash","id":70861435,"node_id":"MDQ6VXNlcjcwODYxNDM1","avatar_url":"https://avatars.githubusercontent.com/u/70861435?v=4","gravatar_id":"","url":"https://api.github.com/users/Kuntash","html_url":"https://github.com/Kuntash","followers_url":"https://api.github.com/users/Kuntash/followers","following_url":"https://api.github.com/users/Kuntash/following{/other_user}","gists_url":"https://api.github.com/users/Kuntash/gists{/gist_id}","starred_url":"https://api.github.com/users/Kuntash/starred{/owner}{/repo}","subscriptions_url":"https://api.github.com/users/Kuntash/subscriptions","organizations_url":"https://api.github.com/users/Kuntash/orgs","repos_url":"https://api.github.com/users/Kuntash/repos","events_url":"https://api.github.com/users/Kuntash/events{/privacy}","received_events_url":"https://api.github.com/users/Kuntash/received_events","type":"User","site_admin":false,"name":"Kunga Tashi","company":null,"blog":"","location":"India","email":"kuntashtashi11@gmail.com","hireable":true,"bio":"WEB DEV:  a way of living, anime lover and gaming maniac.","twitter_username":"KuntashTweets","public_repos":12,"public_gists":0,"followers":1,"following":3,"created_at":"2020-09-06T20:11:54Z","updated_at":"2021-12-23T16:23:31Z","private_gists":0,"total_private_repos":1,"owned_private_repos":1,"disk_usage":33165,"collaborators":0,"two_factor_authentication":false,"plan":{"name":"pro","space":976562499,"collaborators":0,"private_repos":9999}}
[info] 
[info] +  Success! Logged into GitHub as Kuntash 
[info] 
